-------------------------------------------------------------------------------
Test set: com.exadel.core.filters.LoggingFilterTest
-------------------------------------------------------------------------------
Tests run: 1, Failures: 0, Errors: 1, Skipped: 0, Time elapsed: 1.201 s <<< FAILURE! - in com.exadel.core.filters.LoggingFilterTest
doFilter{AemContext}  Time elapsed: 1.183 s  <<< ERROR!
org.junit.jupiter.api.extension.ParameterResolutionException: Failed to resolve parameter [io.wcm.testing.mock.aem.junit5.AemContext arg0] in method [void com.exadel.core.filters.LoggingFilterTest.doFilter(io.wcm.testing.mock.aem.junit5.AemContext) throws java.io.IOException,javax.servlet.ServletException]: Could not create io.wcm.testing.mock.aem.junit5.ResourceResolverMockAemContext instance.
Caused by: java.lang.IllegalStateException: Could not create io.wcm.testing.mock.aem.junit5.ResourceResolverMockAemContext instance.
Caused by: java.lang.RuntimeException: Unable to invoke method 'bindAdapterFactory' for class org.apache.sling.testing.mock.sling.MockAdapterManagerImpl
Caused by: java.lang.NoSuchMethodError: 'void org.apache.sling.adapter.internal.AdapterFactoryDescriptor.<init>(org.osgi.service.component.ComponentContext, org.osgi.framework.ServiceReference, java.lang.String[])'

