-------------------------------------------------------------------------------
Test set: com.exadel.core.models.HelloWorldModelTest
-------------------------------------------------------------------------------
Tests run: 1, Failures: 0, Errors: 1, Skipped: 0, Time elapsed: 0 s <<< FAILURE! - in com.exadel.core.models.HelloWorldModelTest
testGetMessage  Time elapsed: 0 s  <<< ERROR!
org.junit.jupiter.api.extension.ParameterResolutionException: Failed to resolve parameter [io.wcm.testing.mock.aem.junit5.AemContext arg0] in method [public void com.exadel.core.models.HelloWorldModelTest.setup(io.wcm.testing.mock.aem.junit5.AemContext) throws java.lang.Exception]: Could not create io.wcm.testing.mock.aem.junit5.ResourceResolverMockAemContext instance.
Caused by: java.lang.IllegalStateException: Could not create io.wcm.testing.mock.aem.junit5.ResourceResolverMockAemContext instance.
Caused by: java.lang.RuntimeException: Unable to invoke method 'bindAdapterFactory' for class org.apache.sling.testing.mock.sling.MockAdapterManagerImpl
Caused by: java.lang.NoSuchMethodError: 'void org.apache.sling.adapter.internal.AdapterFactoryDescriptor.<init>(org.osgi.service.component.ComponentContext, org.osgi.framework.ServiceReference, java.lang.String[])'

